Using pre-set license

 COMMAND LINE ARGUMENTS:
/Applications/Unity/Unity.app/Contents/MacOS/Unity
-adb2
-batchMode
-noUpm
-name
AssetImportWorker0
-projectPath
/Users/sks/Desktop/MyGames/Endless Runner Game
-logFile
Logs/AssetImportWorker0.log
-srvPort
50880
Successfully changed project path to: /Users/sks/Desktop/MyGames/Endless Runner Game
/Users/sks/Desktop/MyGames/Endless Runner Game
Using Asset Import Pipeline V2.
Refreshing native plugins compatible for Editor in 20.68 ms, found 1 plugins.
Preloading 0 native plugins for Editor in 0.00 ms.
Initialize engine version: 2020.2.7f1 (c53830e277f1)
[Subsystems] Discovering subsystems at path /Applications/Unity/Unity.app/Contents/Resources/UnitySubsystems
[Subsystems] Discovering subsystems at path /Users/sks/Desktop/MyGames/Endless Runner Game/Assets
GfxDevice: creating device client; threaded=0
2021-05-14 23:56:54.751 Unity[1676:59915] (null) preferred device: Apple M1 (high power)
2021-05-14 23:56:54.751 Unity[1676:59915] Metal devices available: 1
2021-05-14 23:56:54.751 Unity[1676:59915] 0: Apple M1 (high power)
2021-05-14 23:56:54.752 Unity[1676:59915] Using device Apple M1 (high power)
Initializing Metal device caps: Apple M1
Initialize mono
Mono path[0] = '/Applications/Unity/Unity.app/Contents/Managed'
Mono path[1] = '/Applications/Unity/Unity.app/Contents/MonoBleedingEdge/lib/mono/unityjit'
Mono config path = '/Applications/Unity/Unity.app/Contents/MonoBleedingEdge/etc'
Using monoOptions --debugger-agent=transport=dt_socket,embedding=1,server=y,suspend=n,address=127.0.0.1:56676
Begin MonoManager ReloadAssembly
Registering precompiled unity dll's ...
Register platform support module: /Applications/Unity/Unity.app/Contents/PlaybackEngines/MacStandaloneSupport/UnityEditor.OSXStandalone.Extensions.dll
Registered in 0.001676 seconds.
Native extension for OSXStandalone target not found
Refreshing native plugins compatible for Editor in 20.81 ms, found 1 plugins.
Preloading 0 native plugins for Editor in 0.00 ms.
Invoked RoslynAnalysisRunner static constructor.
RoslynAnalysisRunner will not be running.
RoslynAnalysisRunner has terminated.
Mono: successfully reloaded assembly
- Completed reload, in  2.045 seconds
Platform modules already initialized, skipping
Registering precompiled user dll's ...
Registered in 0.000545 seconds.
Begin MonoManager ReloadAssembly
Native extension for OSXStandalone target not found
Refreshing native plugins compatible for Editor in 0.17 ms, found 1 plugins.
Preloading 0 native plugins for Editor in 0.00 ms.
Invoked RoslynAnalysisRunner static constructor.
RoslynAnalysisRunner will not be running.
RoslynAnalysisRunner has terminated.
Mono: successfully reloaded assembly
- Completed reload, in  1.680 seconds
Platform modules already initialized, skipping
========================================================================
Worker process is ready to serve import requests
Launching external process: /Applications/Unity/Unity.app/Contents/Tools/UnityShaderCompiler
Launched and connected shader compiler UnityShaderCompiler after 0.02 seconds
Refreshing native plugins compatible for Editor in 0.17 ms, found 1 plugins.
Preloading 0 native plugins for Editor in 0.00 ms.
Unloading 1121 Unused Serialized files (Serialized files now loaded: 0)
System memory in use before: 121.0 MB.
System memory in use after: 121.1 MB.

Unloading 9 unused Assets to reduce memory usage. Loaded Objects now: 1581.
Total: 1.275666 ms (FindLiveObjects: 0.121125 ms CreateObjectMapping: 0.025667 ms MarkObjects: 1.073625 ms  DeleteObjects: 0.054500 ms)

========================================================================
Received Import Request.
  path: ProjectSettings/TagManager.asset
  artifactKey: Guid(00000000000000003000000000000000) Importer(815301076,1909f56bfc062723c751e8b465ee728b)
Start importing ProjectSettings/TagManager.asset using Guid(00000000000000003000000000000000) Importer(815301076,1909f56bfc062723c751e8b465ee728b)  -> (artifact id: '2306a7d7f831b8f139d487dbb3d9fd1c') in 0.832652 seconds
  Import took 0.834653 seconds .

========================================================================
Received Import Request.
  Time since last request: 54.165765 seconds.
  path: Assets/prefabs/Enemy.prefab
  artifactKey: Guid(f463240ed01a04c43823929cfaeb094e) Importer(815301076,1909f56bfc062723c751e8b465ee728b)
Start importing Assets/prefabs/Enemy.prefab using Guid(f463240ed01a04c43823929cfaeb094e) Importer(815301076,1909f56bfc062723c751e8b465ee728b)  -> (artifact id: '81adbeb9fdc1bb4cf552a1db797fa7c7') in 0.381221 seconds
  Import took 0.382879 seconds .

========================================================================
Received Import Request.
  Time since last request: 99.040396 seconds.
  path: Assets/prefabs/Enemy.prefab
  artifactKey: Guid(f463240ed01a04c43823929cfaeb094e) Importer(815301076,1909f56bfc062723c751e8b465ee728b)
Start importing Assets/prefabs/Enemy.prefab using Guid(f463240ed01a04c43823929cfaeb094e) Importer(815301076,1909f56bfc062723c751e8b465ee728b)  -> (artifact id: '4c9180d2e6f6021f019aea554113cecc') in 0.012106 seconds
  Import took 0.013827 seconds .

========================================================================
Received Import Request.
  Time since last request: 0.023800 seconds.
  path: Assets/prefabs/Enemy.prefab
  artifactKey: Guid(f463240ed01a04c43823929cfaeb094e) Importer(815301076,1909f56bfc062723c751e8b465ee728b)
Start importing Assets/prefabs/Enemy.prefab using Guid(f463240ed01a04c43823929cfaeb094e) Importer(815301076,1909f56bfc062723c751e8b465ee728b)  -> (artifact id: '4c9180d2e6f6021f019aea554113cecc') in 0.005766 seconds
  Import took 0.007607 seconds .

========================================================================
Received Import Request.
  Time since last request: 3.710284 seconds.
  path: Assets/prefabs/Enemy.prefab
  artifactKey: Guid(f463240ed01a04c43823929cfaeb094e) Importer(815301076,1909f56bfc062723c751e8b465ee728b)
Start importing Assets/prefabs/Enemy.prefab using Guid(f463240ed01a04c43823929cfaeb094e) Importer(815301076,1909f56bfc062723c751e8b465ee728b)  -> (artifact id: 'd47a8d4e49f289d14d7956751f819d89') in 0.005633 seconds
  Import took 0.007301 seconds .

========================================================================
Received Import Request.
  Time since last request: 0.019375 seconds.
  path: Assets/prefabs/Enemy.prefab
  artifactKey: Guid(f463240ed01a04c43823929cfaeb094e) Importer(815301076,1909f56bfc062723c751e8b465ee728b)
Start importing Assets/prefabs/Enemy.prefab using Guid(f463240ed01a04c43823929cfaeb094e) Importer(815301076,1909f56bfc062723c751e8b465ee728b)  -> (artifact id: 'd47a8d4e49f289d14d7956751f819d89') in 0.005410 seconds
  Import took 0.007095 seconds .

========================================================================
Received Import Request.
  Time since last request: 3.939269 seconds.
  path: Assets/prefabs/Enemy.prefab
  artifactKey: Guid(f463240ed01a04c43823929cfaeb094e) Importer(815301076,1909f56bfc062723c751e8b465ee728b)
Start importing Assets/prefabs/Enemy.prefab using Guid(f463240ed01a04c43823929cfaeb094e) Importer(815301076,1909f56bfc062723c751e8b465ee728b)  -> (artifact id: 'a7380be9fbe6b409c7a758d8bbff44b8') in 0.006010 seconds
  Import took 0.007704 seconds .

========================================================================
Received Import Request.
  Time since last request: 0.019738 seconds.
  path: Assets/prefabs/Enemy.prefab
  artifactKey: Guid(f463240ed01a04c43823929cfaeb094e) Importer(815301076,1909f56bfc062723c751e8b465ee728b)
Start importing Assets/prefabs/Enemy.prefab using Guid(f463240ed01a04c43823929cfaeb094e) Importer(815301076,1909f56bfc062723c751e8b465ee728b)  -> (artifact id: 'a7380be9fbe6b409c7a758d8bbff44b8') in 0.005263 seconds
  Import took 0.006992 seconds .

========================================================================
Received Import Request.
  Time since last request: 1.473513 seconds.
  path: Assets/prefabs/Enemy.prefab
  artifactKey: Guid(f463240ed01a04c43823929cfaeb094e) Importer(815301076,1909f56bfc062723c751e8b465ee728b)
Start importing Assets/prefabs/Enemy.prefab using Guid(f463240ed01a04c43823929cfaeb094e) Importer(815301076,1909f56bfc062723c751e8b465ee728b)  -> (artifact id: '6005967ccbf2cd57b5229cc474372b2f') in 0.005673 seconds
  Import took 0.007264 seconds .

========================================================================
Received Import Request.
  Time since last request: 0.018464 seconds.
  path: Assets/prefabs/Enemy.prefab
  artifactKey: Guid(f463240ed01a04c43823929cfaeb094e) Importer(815301076,1909f56bfc062723c751e8b465ee728b)
Start importing Assets/prefabs/Enemy.prefab using Guid(f463240ed01a04c43823929cfaeb094e) Importer(815301076,1909f56bfc062723c751e8b465ee728b)  -> (artifact id: '6005967ccbf2cd57b5229cc474372b2f') in 0.005505 seconds
  Import took 0.007153 seconds .

========================================================================
Received Import Request.
  Time since last request: 0.442223 seconds.
  path: Assets/prefabs/Enemy.prefab
  artifactKey: Guid(f463240ed01a04c43823929cfaeb094e) Importer(815301076,1909f56bfc062723c751e8b465ee728b)
Start importing Assets/prefabs/Enemy.prefab using Guid(f463240ed01a04c43823929cfaeb094e) Importer(815301076,1909f56bfc062723c751e8b465ee728b)  -> (artifact id: '35c329c02a7e58568278a00301354e3a') in 0.005320 seconds
  Import took 0.006942 seconds .

========================================================================
Received Import Request.
  Time since last request: 0.019104 seconds.
  path: Assets/prefabs/Enemy.prefab
  artifactKey: Guid(f463240ed01a04c43823929cfaeb094e) Importer(815301076,1909f56bfc062723c751e8b465ee728b)
Start importing Assets/prefabs/Enemy.prefab using Guid(f463240ed01a04c43823929cfaeb094e) Importer(815301076,1909f56bfc062723c751e8b465ee728b)  -> (artifact id: '35c329c02a7e58568278a00301354e3a') in 0.005499 seconds
  Import took 0.007179 seconds .

========================================================================
Received Import Request.
  Time since last request: 8.969187 seconds.
  path: Assets/prefabs/Enemy.prefab
  artifactKey: Guid(f463240ed01a04c43823929cfaeb094e) Importer(815301076,1909f56bfc062723c751e8b465ee728b)
Start importing Assets/prefabs/Enemy.prefab using Guid(f463240ed01a04c43823929cfaeb094e) Importer(815301076,1909f56bfc062723c751e8b465ee728b)  -> (artifact id: '65c90347b4fb2fe8d494c33b76371f5b') in 0.005807 seconds
  Import took 0.007580 seconds .

========================================================================
Received Import Request.
  Time since last request: 0.003519 seconds.
  path: Assets/prefabs/Enemy.prefab
  artifactKey: Guid(f463240ed01a04c43823929cfaeb094e) Importer(815301076,1909f56bfc062723c751e8b465ee728b)
Start importing Assets/prefabs/Enemy.prefab using Guid(f463240ed01a04c43823929cfaeb094e) Importer(815301076,1909f56bfc062723c751e8b465ee728b)  -> (artifact id: '65c90347b4fb2fe8d494c33b76371f5b') in 0.007094 seconds
  Import took 0.008498 seconds .

========================================================================
Received Import Request.
  Time since last request: 0.879084 seconds.
  path: Assets/prefabs/Enemy.prefab
  artifactKey: Guid(f463240ed01a04c43823929cfaeb094e) Importer(815301076,1909f56bfc062723c751e8b465ee728b)
Start importing Assets/prefabs/Enemy.prefab using Guid(f463240ed01a04c43823929cfaeb094e) Importer(815301076,1909f56bfc062723c751e8b465ee728b)  -> (artifact id: '98032d1e310f6c691dd00a58fc2790e4') in 0.005439 seconds
  Import took 0.007061 seconds .

========================================================================
Received Import Request.
  Time since last request: 0.020807 seconds.
  path: Assets/prefabs/Enemy.prefab
  artifactKey: Guid(f463240ed01a04c43823929cfaeb094e) Importer(815301076,1909f56bfc062723c751e8b465ee728b)
Start importing Assets/prefabs/Enemy.prefab using Guid(f463240ed01a04c43823929cfaeb094e) Importer(815301076,1909f56bfc062723c751e8b465ee728b)  -> (artifact id: '98032d1e310f6c691dd00a58fc2790e4') in 0.005531 seconds
  Import took 0.007315 seconds .

========================================================================
Received Prepare
Registering precompiled user dll's ...
Registered in 0.000668 seconds.
Begin MonoManager ReloadAssembly
Native extension for OSXStandalone target not found
Refreshing native plugins compatible for Editor in 0.26 ms, found 1 plugins.
Preloading 0 native plugins for Editor in 0.00 ms.
Invoked RoslynAnalysisRunner static constructor.
RoslynAnalysisRunner will not be running.
RoslynAnalysisRunner has terminated.
Mono: successfully reloaded assembly
- Completed reload, in  1.562 seconds
Platform modules already initialized, skipping
Switching build target platform(2) subTarget(0) extendedPlatform(0) -> platform(9) subTarget(16777218) extendedPlatform(0)
Refreshing native plugins compatible for Editor in 0.17 ms, found 1 plugins.
Preloading 0 native plugins for Editor in 0.00 ms.
Unloading 1119 Unused Serialized files (Serialized files now loaded: 0)
System memory in use before: 132.4 MB.
System memory in use after: 132.4 MB.

Unloading 7 unused Assets to reduce memory usage. Loaded Objects now: 1592.
Total: 1.184166 ms (FindLiveObjects: 0.134000 ms CreateObjectMapping: 0.023209 ms MarkObjects: 0.972959 ms  DeleteObjects: 0.053125 ms)

AssetImportParameters requested are different than current active one (requested -> active):
  custom:graphics/normal-map-encoding: 01000000000000000000000000000000 -> 02000000000000000000000000000000
========================================================================
Received Prepare
Registering precompiled user dll's ...
Registered in 0.000577 seconds.
Begin MonoManager ReloadAssembly
Native extension for OSXStandalone target not found
Refreshing native plugins compatible for Editor in 0.24 ms, found 1 plugins.
Preloading 0 native plugins for Editor in 0.00 ms.
Invoked RoslynAnalysisRunner static constructor.
RoslynAnalysisRunner will not be running.
RoslynAnalysisRunner has terminated.
Mono: successfully reloaded assembly
- Completed reload, in  1.592 seconds
Platform modules already initialized, skipping
Switching build target platform(2) subTarget(0) extendedPlatform(0) -> platform(9) subTarget(16777218) extendedPlatform(0)
Refreshing native plugins compatible for Editor in 0.16 ms, found 1 plugins.
Preloading 0 native plugins for Editor in 0.00 ms.
Unloading 1119 Unused Serialized files (Serialized files now loaded: 0)
System memory in use before: 132.6 MB.
System memory in use after: 132.6 MB.

Unloading 5 unused Assets to reduce memory usage. Loaded Objects now: 1595.
Total: 1.131166 ms (FindLiveObjects: 0.081166 ms CreateObjectMapping: 0.025125 ms MarkObjects: 0.986292 ms  DeleteObjects: 0.037958 ms)

AssetImportParameters requested are different than current active one (requested -> active):
  custom:graphics/normal-map-encoding: 01000000000000000000000000000000 -> 02000000000000000000000000000000
========================================================================
Received Prepare
Registering precompiled user dll's ...
Registered in 0.000380 seconds.
Begin MonoManager ReloadAssembly
Native extension for OSXStandalone target not found
Refreshing native plugins compatible for Editor in 0.27 ms, found 1 plugins.
Preloading 0 native plugins for Editor in 0.00 ms.
Invoked RoslynAnalysisRunner static constructor.
RoslynAnalysisRunner will not be running.
RoslynAnalysisRunner has terminated.
Mono: successfully reloaded assembly
- Completed reload, in  1.757 seconds
Platform modules already initialized, skipping
Switching build target platform(2) subTarget(0) extendedPlatform(0) -> platform(9) subTarget(16777218) extendedPlatform(0)
Refreshing native plugins compatible for Editor in 0.17 ms, found 1 plugins.
Preloading 0 native plugins for Editor in 0.00 ms.
Unloading 1119 Unused Serialized files (Serialized files now loaded: 0)
System memory in use before: 132.7 MB.
System memory in use after: 132.8 MB.

Unloading 5 unused Assets to reduce memory usage. Loaded Objects now: 1598.
Total: 1.217334 ms (FindLiveObjects: 0.142166 ms CreateObjectMapping: 0.024250 ms MarkObjects: 0.994875 ms  DeleteObjects: 0.055375 ms)

AssetImportParameters requested are different than current active one (requested -> active):
  custom:graphics/normal-map-encoding: 01000000000000000000000000000000 -> 02000000000000000000000000000000
========================================================================
Received Prepare
Registering precompiled user dll's ...
Registered in 0.000583 seconds.
Begin MonoManager ReloadAssembly
Native extension for OSXStandalone target not found
Refreshing native plugins compatible for Editor in 0.23 ms, found 1 plugins.
Preloading 0 native plugins for Editor in 0.00 ms.
Invoked RoslynAnalysisRunner static constructor.
RoslynAnalysisRunner will not be running.
RoslynAnalysisRunner has terminated.
Mono: successfully reloaded assembly
- Completed reload, in  1.568 seconds
Platform modules already initialized, skipping
Switching build target platform(2) subTarget(0) extendedPlatform(0) -> platform(9) subTarget(16777218) extendedPlatform(0)
Refreshing native plugins compatible for Editor in 0.16 ms, found 1 plugins.
Preloading 0 native plugins for Editor in 0.00 ms.
Unloading 1119 Unused Serialized files (Serialized files now loaded: 0)
System memory in use before: 132.9 MB.
System memory in use after: 133.0 MB.

Unloading 5 unused Assets to reduce memory usage. Loaded Objects now: 1601.
Total: 1.157167 ms (FindLiveObjects: 0.085250 ms CreateObjectMapping: 0.024667 ms MarkObjects: 1.009417 ms  DeleteObjects: 0.037167 ms)

AssetImportParameters requested are different than current active one (requested -> active):
  custom:graphics/normal-map-encoding: 01000000000000000000000000000000 -> 02000000000000000000000000000000
========================================================================
Received Prepare
Registering precompiled user dll's ...
Registered in 0.000611 seconds.
Begin MonoManager ReloadAssembly
Native extension for OSXStandalone target not found
Refreshing native plugins compatible for Editor in 0.20 ms, found 1 plugins.
Preloading 0 native plugins for Editor in 0.00 ms.
Invoked RoslynAnalysisRunner static constructor.
RoslynAnalysisRunner will not be running.
RoslynAnalysisRunner has terminated.
Mono: successfully reloaded assembly
- Completed reload, in  1.602 seconds
Platform modules already initialized, skipping
Switching build target platform(2) subTarget(0) extendedPlatform(0) -> platform(9) subTarget(16777218) extendedPlatform(0)
Refreshing native plugins compatible for Editor in 0.16 ms, found 1 plugins.
Preloading 0 native plugins for Editor in 0.00 ms.
Unloading 1119 Unused Serialized files (Serialized files now loaded: 0)
System memory in use before: 133.1 MB.
System memory in use after: 133.2 MB.

Unloading 5 unused Assets to reduce memory usage. Loaded Objects now: 1604.
Total: 1.145042 ms (FindLiveObjects: 0.097333 ms CreateObjectMapping: 0.024833 ms MarkObjects: 0.979583 ms  DeleteObjects: 0.042583 ms)

AssetImportParameters requested are different than current active one (requested -> active):
  custom:graphics/normal-map-encoding: 01000000000000000000000000000000 -> 02000000000000000000000000000000
========================================================================
Received Prepare
Registering precompiled user dll's ...
Registered in 0.000216 seconds.
Begin MonoManager ReloadAssembly
Native extension for OSXStandalone target not found
Refreshing native plugins compatible for Editor in 0.18 ms, found 1 plugins.
Preloading 0 native plugins for Editor in 0.00 ms.
Invoked RoslynAnalysisRunner static constructor.
RoslynAnalysisRunner will not be running.
RoslynAnalysisRunner has terminated.
Mono: successfully reloaded assembly
- Completed reload, in  1.640 seconds
Platform modules already initialized, skipping
Switching build target platform(2) subTarget(0) extendedPlatform(0) -> platform(9) subTarget(16777218) extendedPlatform(0)
Refreshing native plugins compatible for Editor in 0.18 ms, found 1 plugins.
Preloading 0 native plugins for Editor in 0.00 ms.
Unloading 1119 Unused Serialized files (Serialized files now loaded: 0)
System memory in use before: 133.3 MB.
System memory in use after: 133.4 MB.

Unloading 5 unused Assets to reduce memory usage. Loaded Objects now: 1607.
Total: 1.106458 ms (FindLiveObjects: 0.104875 ms CreateObjectMapping: 0.023500 ms MarkObjects: 0.934125 ms  DeleteObjects: 0.042958 ms)

AssetImportParameters requested are different than current active one (requested -> active):
  custom:graphics/normal-map-encoding: 01000000000000000000000000000000 -> 02000000000000000000000000000000
========================================================================
Received Prepare
Registering precompiled user dll's ...
Registered in 0.000574 seconds.
Begin MonoManager ReloadAssembly
Native extension for OSXStandalone target not found
Refreshing native plugins compatible for Editor in 0.34 ms, found 1 plugins.
Preloading 0 native plugins for Editor in 0.00 ms.
Invoked RoslynAnalysisRunner static constructor.
RoslynAnalysisRunner will not be running.
RoslynAnalysisRunner has terminated.
Mono: successfully reloaded assembly
- Completed reload, in  1.587 seconds
Platform modules already initialized, skipping
Switching build target platform(2) subTarget(0) extendedPlatform(0) -> platform(9) subTarget(16777218) extendedPlatform(0)
Refreshing native plugins compatible for Editor in 0.16 ms, found 1 plugins.
Preloading 0 native plugins for Editor in 0.00 ms.
Unloading 1119 Unused Serialized files (Serialized files now loaded: 0)
System memory in use before: 133.5 MB.
System memory in use after: 133.5 MB.

Unloading 5 unused Assets to reduce memory usage. Loaded Objects now: 1610.
Total: 1.210291 ms (FindLiveObjects: 0.095083 ms CreateObjectMapping: 0.023625 ms MarkObjects: 1.047333 ms  DeleteObjects: 0.043459 ms)

AssetImportParameters requested are different than current active one (requested -> active):
  custom:graphics/normal-map-encoding: 01000000000000000000000000000000 -> 02000000000000000000000000000000
========================================================================
Received Import Request.
  Time since last request: 26876.298885 seconds.
  path: Assets/prefabs/Enemy.prefab
  artifactKey: Guid(f463240ed01a04c43823929cfaeb094e) Importer(815301076,1909f56bfc062723c751e8b465ee728b)
Start importing Assets/prefabs/Enemy.prefab using Guid(f463240ed01a04c43823929cfaeb094e) Importer(815301076,1909f56bfc062723c751e8b465ee728b)  -> (artifact id: 'ac42fd23db003c894197bf1964d093c7') in 0.147249 seconds
  Import took 0.148995 seconds .

========================================================================
Received Prepare
Registering precompiled user dll's ...
Registered in 0.000538 seconds.
Begin MonoManager ReloadAssembly
Native extension for OSXStandalone target not found
Refreshing native plugins compatible for Editor in 0.18 ms, found 1 plugins.
Preloading 0 native plugins for Editor in 0.00 ms.
Invoked RoslynAnalysisRunner static constructor.
RoslynAnalysisRunner will not be running.
RoslynAnalysisRunner has terminated.
Mono: successfully reloaded assembly
- Completed reload, in  1.563 seconds
Platform modules already initialized, skipping
Switching build target platform(2) subTarget(0) extendedPlatform(0) -> platform(9) subTarget(16777218) extendedPlatform(0)
Refreshing native plugins compatible for Editor in 0.17 ms, found 1 plugins.
Preloading 0 native plugins for Editor in 0.00 ms.
Unloading 1119 Unused Serialized files (Serialized files now loaded: 0)
System memory in use before: 133.7 MB.
System memory in use after: 133.7 MB.

Unloading 6 unused Assets to reduce memory usage. Loaded Objects now: 1614.
Total: 1.144209 ms (FindLiveObjects: 0.091708 ms CreateObjectMapping: 0.023459 ms MarkObjects: 0.980000 ms  DeleteObjects: 0.048208 ms)

AssetImportParameters requested are different than current active one (requested -> active):
  custom:graphics/normal-map-encoding: 01000000000000000000000000000000 -> 02000000000000000000000000000000
========================================================================
Received Import Request.
  Time since last request: 227.107962 seconds.
  path: Assets/prefabs/Enemy.prefab
  artifactKey: Guid(f463240ed01a04c43823929cfaeb094e) Importer(815301076,1909f56bfc062723c751e8b465ee728b)
Start importing Assets/prefabs/Enemy.prefab using Guid(f463240ed01a04c43823929cfaeb094e) Importer(815301076,1909f56bfc062723c751e8b465ee728b)  -> (artifact id: '99097e56e71fe456c3a35d44dc19b8a7') in 0.144606 seconds
  Import took 0.146406 seconds .

========================================================================
Received Prepare
Registering precompiled user dll's ...
Registered in 0.000593 seconds.
Begin MonoManager ReloadAssembly
Native extension for OSXStandalone target not found
Refreshing native plugins compatible for Editor in 0.18 ms, found 1 plugins.
Preloading 0 native plugins for Editor in 0.00 ms.
Invoked RoslynAnalysisRunner static constructor.
RoslynAnalysisRunner will not be running.
RoslynAnalysisRunner has terminated.
Mono: successfully reloaded assembly
- Completed reload, in  1.575 seconds
Platform modules already initialized, skipping
Switching build target platform(2) subTarget(0) extendedPlatform(0) -> platform(9) subTarget(16777218) extendedPlatform(0)
Refreshing native plugins compatible for Editor in 0.17 ms, found 1 plugins.
Preloading 0 native plugins for Editor in 0.00 ms.
Unloading 1119 Unused Serialized files (Serialized files now loaded: 0)
System memory in use before: 133.9 MB.
System memory in use after: 134.0 MB.

Unloading 6 unused Assets to reduce memory usage. Loaded Objects now: 1618.
Total: 1.141292 ms (FindLiveObjects: 0.094625 ms CreateObjectMapping: 0.024875 ms MarkObjects: 0.978458 ms  DeleteObjects: 0.042458 ms)

AssetImportParameters requested are different than current active one (requested -> active):
  custom:graphics/normal-map-encoding: 01000000000000000000000000000000 -> 02000000000000000000000000000000
========================================================================
Received Import Request.
  Time since last request: 148.077322 seconds.
  path: Assets/scripts/GameController.cs
  artifactKey: Guid(7caa79d5b946c4b37a6faee461137f2f) Importer(815301076,1909f56bfc062723c751e8b465ee728b)
Start importing Assets/scripts/GameController.cs using Guid(7caa79d5b946c4b37a6faee461137f2f) Importer(815301076,1909f56bfc062723c751e8b465ee728b)  -> (artifact id: 'e4cf40de36438e256a837b5206437fc1') in 0.198388 seconds
  Import took 0.199984 seconds .

========================================================================
Received Prepare
Registering precompiled user dll's ...
Registered in 0.000333 seconds.
Begin MonoManager ReloadAssembly
Native extension for OSXStandalone target not found
Refreshing native plugins compatible for Editor in 0.20 ms, found 1 plugins.
Preloading 0 native plugins for Editor in 0.00 ms.
Invoked RoslynAnalysisRunner static constructor.
RoslynAnalysisRunner will not be running.
RoslynAnalysisRunner has terminated.
Mono: successfully reloaded assembly
- Completed reload, in  1.742 seconds
Platform modules already initialized, skipping
Switching build target platform(2) subTarget(0) extendedPlatform(0) -> platform(9) subTarget(16777218) extendedPlatform(0)
Refreshing native plugins compatible for Editor in 0.20 ms, found 1 plugins.
Preloading 0 native plugins for Editor in 0.00 ms.
Unloading 1120 Unused Serialized files (Serialized files now loaded: 0)
System memory in use before: 138.3 MB.
System memory in use after: 138.4 MB.

Unloading 5 unused Assets to reduce memory usage. Loaded Objects now: 1622.
Total: 1.202708 ms (FindLiveObjects: 0.130750 ms CreateObjectMapping: 0.022750 ms MarkObjects: 0.995209 ms  DeleteObjects: 0.053000 ms)

AssetImportParameters requested are different than current active one (requested -> active):
  custom:graphics/normal-map-encoding: 01000000000000000000000000000000 -> 02000000000000000000000000000000
========================================================================
Received Prepare
Registering precompiled user dll's ...
Registered in 0.000968 seconds.
Begin MonoManager ReloadAssembly
Native extension for OSXStandalone target not found
Refreshing native plugins compatible for Editor in 0.30 ms, found 1 plugins.
Preloading 0 native plugins for Editor in 0.00 ms.
Invoked RoslynAnalysisRunner static constructor.
RoslynAnalysisRunner will not be running.
RoslynAnalysisRunner has terminated.
Mono: successfully reloaded assembly
- Completed reload, in  1.833 seconds
Platform modules already initialized, skipping
Switching build target platform(2) subTarget(0) extendedPlatform(0) -> platform(9) subTarget(16777218) extendedPlatform(0)
Refreshing native plugins compatible for Editor in 0.18 ms, found 1 plugins.
Preloading 0 native plugins for Editor in 0.00 ms.
Unloading 1120 Unused Serialized files (Serialized files now loaded: 0)
System memory in use before: 138.5 MB.
System memory in use after: 138.6 MB.

Unloading 5 unused Assets to reduce memory usage. Loaded Objects now: 1625.
Total: 2.218958 ms (FindLiveObjects: 0.113916 ms CreateObjectMapping: 0.022959 ms MarkObjects: 2.028959 ms  DeleteObjects: 0.052333 ms)

AssetImportParameters requested are different than current active one (requested -> active):
  custom:graphics/normal-map-encoding: 01000000000000000000000000000000 -> 02000000000000000000000000000000
========================================================================
Received Import Request.
  Time since last request: 2444.280957 seconds.
  path: Assets/scripts/GameController.cs
  artifactKey: Guid(7caa79d5b946c4b37a6faee461137f2f) Importer(815301076,1909f56bfc062723c751e8b465ee728b)
Start importing Assets/scripts/GameController.cs using Guid(7caa79d5b946c4b37a6faee461137f2f) Importer(815301076,1909f56bfc062723c751e8b465ee728b)  -> (artifact id: '606ae1eab2eaa5cfd93bbf3fe2b65d54') in 0.010345 seconds
  Import took 0.012037 seconds .

